# 开发日志

## 2025-01-09T20:16:32+08:00

### 当前工作进展
1. 检查了Git仓库状态
2. 主要修改文件：
   - BreathingAnimationView.swift
3. 未跟踪的文件主要在以下目录：
   - Models/
   - ViewModels/
   - Views/

### 待办事项
1. 提交当前代码修改
2. 完善呼吸动画视图功能
3. 进行代码测试

### 测试清单
1. 呼吸动画视图测试
   - [ ] 动画流畅性测试
   - [ ] 状态切换测试
   - [ ] 用户交互响应测试
2. 视图模型测试
   - [ ] 数据绑定测试
   - [ ] 状态管理测试
3. UI兼容性测试
   - [ ] 不同设备尺寸适配测试
   - [ ] 深色模式测试

## 2024-01-10 UTC+8

1. UI优化
- 调整按钮尺寸符合Apple最小44x44pt的要求
- 更新字体样式，使用系统动态字体
- 优化界面布局和交互体验

2. 蓝牙功能实现
- 创建BluetoothManager类管理蓝牙连接
- 实现设备扫描、连接和数据传输功能
- 添加蓝牙状态管理和错误处理
- 创建BluetoothDeviceView用于设备连接
- 在设置界面中添加蓝牙设备连接入口

3. 测试清单
- 蓝牙连接功能测试
  - 设备扫描
  - 连接建立
  - 数据传输
  - 断开连接
- UI交互测试
  - 按钮响应区域
  - 动画效果
  - 状态提示
- 错误处理测试
  - 蓝牙未开启
  - 连接失败
  - 数据传输异常

4. 下一步计划
- 实现蓝牙数据同步功能
- 优化设备连接稳定性
- 添加设备电量显示
- 完善错误处理机制
